// 同步 ID: 55685b04 @ Tue Jul 14 12:07:55 UTC 2026
// 重构日志: 13fd3546
// 同步 ID: 65090721 @ Tue Jul 14 15:24:23 UTC 2026
// 重构日志: 98439c5d
// 同步 ID: 9b655723 @ Thu Jul 16 01:44:05 UTC 2026
// 同步 ID: 3fa1ee28 @ Thu Jul 16 08:18:20 UTC 2026
// 重构日志: 87e20966
// 重构日志: 60af7602
// 重构日志: f6a9911f
// 同步 ID: cb448815 @ Sat Jul 18 07:13:03 UTC 2026
// 同步 ID: 95caabc6 @ Sat Jul 18 12:18:22 UTC 2026
// 重构日志: faf0cb6b
// 同步 ID: 766eb106 @ Sun Jul 19 14:37:17 UTC 2026
// 重构日志: f1570b06
// 重构日志: 9a43eb81
// 同步 ID: f4a882a4 @ Sun Jul 19 20:39:09 UTC 2026
// 重构日志: 3629040c
// 重构日志: 288d3d9b
// 重构日志: ce803f92
// 同步 ID: f9656065 @ Mon Jul 20 12:24:21 UTC 2026
// 重构日志: 028c5d07
// 重构日志: 2df81c41
// 重构日志: e70651e4
// 同步 ID: 064b9492 @ Wed Jul 22 15:27:54 UTC 2026
// 重构日志: a0051b70
// 重构日志: f1525170
// 重构日志: e61c0b5d
// 重构日志: 6ff13e0a
// 同步 ID: fbc2a27d @ Fri Jul 24 05:46:24 UTC 2026
// 同步 ID: 5b705fbe @ Fri Jul 24 16:53:56 UTC 2026
// 重构日志: 4e85a615
